<?xml version="1.0" encoding="UTF-8"?>
<testsuite name="controller.PlayersAPITest$UpdatePlayers" tests="2" skipped="0" failures="0" errors="0" timestamp="2023-05-02T01:21:28" hostname="LAPTOP-V0RRUT35" time="0.002">
  <properties/>
  <testcase name="updating a note that exists returns true and updates()" classname="controller.PlayersAPITest$UpdatePlayers" time="0.0"/>
  <testcase name="updating a note that does not exist returns false()" classname="controller.PlayersAPITest$UpdatePlayers" time="0.001"/>
  <system-out><![CDATA[]]></system-out>
  <system-err><![CDATA[]]></system-err>
</testsuite>
