<?xml version="1.0" encoding="UTF-8"?>
<testsuite name="controllers.PlayersAPITest$AddPlayers" tests="2" skipped="0" failures="0" errors="0" timestamp="2023-05-02T04:00:05" hostname="LAPTOP-V0RRUT35" time="0.039">
  <properties/>
  <testcase name="adding a Player to a populated list adds to ArrayList()" classname="controllers.PlayersAPITest$AddPlayers" time="0.037"/>
  <testcase name="adding a Player to an empty list adds to ArrayList()" classname="controllers.PlayersAPITest$AddPlayers" time="0.001"/>
  <system-out><![CDATA[]]></system-out>
  <system-err><![CDATA[]]></system-err>
</testsuite>
