<?xml version="1.0" encoding="UTF-8"?>
<testsuite name="controllers.PlayersAPITest$ListPlayers" tests="2" skipped="0" failures="0" errors="0" timestamp="2023-05-02T02:25:50" hostname="LAPTOP-V0RRUT35" time="0.02">
  <properties/>
  <testcase name="listAllPlayers returns No Notes Stored message when ArrayList is empty()" classname="controllers.PlayersAPITest$ListPlayers" time="0.007"/>
  <testcase name="listAllPlayers returns Notes when ArrayList has notes stored()" classname="controllers.PlayersAPITest$ListPlayers" time="0.013"/>
  <system-out><![CDATA[]]></system-out>
  <system-err><![CDATA[]]></system-err>
</testsuite>
