<?xml version="1.0" encoding="UTF-8"?>
<testsuite name="controllers.PlayersAPITest$PersistenceTests" tests="2" skipped="0" failures="0" errors="0" timestamp="2023-05-02T02:25:50" hostname="LAPTOP-V0RRUT35" time="0.22">
  <properties/>
  <testcase name="saving and loading an loaded collection in JSON doesn't loose data()" classname="controllers.PlayersAPITest$PersistenceTests" time="0.207"/>
  <testcase name="saving and loading an empty collection in JSON doesn't crash app()" classname="controllers.PlayersAPITest$PersistenceTests" time="0.012"/>
  <system-out><![CDATA[]]></system-out>
  <system-err><![CDATA[]]></system-err>
</testsuite>
