<?xml version="1.0" encoding="UTF-8"?>
<testsuite name="controllers.PlayersAPITest$PersistenceTests" tests="2" skipped="0" failures="0" errors="0" timestamp="2023-05-02T04:00:05" hostname="LAPTOP-V0RRUT35" time="0.329">
  <properties/>
  <testcase name="saving and loading an loaded collection in JSON doesn't loose data()" classname="controllers.PlayersAPITest$PersistenceTests" time="0.311"/>
  <testcase name="saving and loading an empty collection in JSON doesn't crash app()" classname="controllers.PlayersAPITest$PersistenceTests" time="0.017"/>
  <system-out><![CDATA[]]></system-out>
  <system-err><![CDATA[]]></system-err>
</testsuite>
