<?xml version="1.0" encoding="UTF-8"?>
<testsuite name="controller.PlayersAPITest$PersistenceTests" tests="2" skipped="0" failures="0" errors="0" timestamp="2023-05-02T01:21:28" hostname="LAPTOP-V0RRUT35" time="0.2">
  <properties/>
  <testcase name="saving and loading an loaded collection in JSON doesn't loose data()" classname="controller.PlayersAPITest$PersistenceTests" time="0.193"/>
  <testcase name="saving and loading an empty collection in JSON doesn't crash app()" classname="controller.PlayersAPITest$PersistenceTests" time="0.007"/>
  <system-out><![CDATA[]]></system-out>
  <system-err><![CDATA[]]></system-err>
</testsuite>
